0 info it worked if it ends with ok
1 verbose cli [ '/Users/omoteura/.nvm/versions/node/v6.0.0/bin/node',
1 verbose cli   '/Users/omoteura/.nvm/versions/node/v6.0.0/bin/npm',
1 verbose cli   'start' ]
2 info using npm@3.8.6
3 info using node@v6.0.0
4 verbose run-script [ 'prestart', 'start', 'poststart' ]
5 info lifecycle Qiitachan@0.0.1~prestart: Qiitachan@0.0.1
6 silly lifecycle Qiitachan@0.0.1~prestart: no script for prestart, continuing
7 info lifecycle Qiitachan@0.0.1~start: Qiitachan@0.0.1
8 verbose lifecycle Qiitachan@0.0.1~start: unsafe-perm in lifecycle true
9 verbose lifecycle Qiitachan@0.0.1~start: PATH: /Users/omoteura/.nvm/versions/node/v6.0.0/lib/node_modules/npm/bin/node-gyp-bin:/Users/omoteura/nodejs-docs-samples/appengine/hello-world/node_modules/.bin:/Users/omoteura/.nvm/versions/node/v6.0.0/bin:/Users/omoteura/Downloads/google-cloud-sdk/bin:/Users/omoteura/.nvm/versions/node/v6.0.0/bin:/Users/omoteura/.nodebrew/current/bin:/usr/local/bin:/usr/bin:/bin:/usr/sbin:/sbin:/opt/X11/bin:/usr/local/Cellar/go/1.5.1/libexec/bin:/Users/omoteura/go/bin
10 verbose lifecycle Qiitachan@0.0.1~start: CWD: /Users/omoteura/nodejs-docs-samples/appengine/hello-world
11 silly lifecycle Qiitachan@0.0.1~start: Args: [ '-c',
11 silly lifecycle   'token=xoxb-49402285479-iVx9GUUsl4N477HCLholsGjD node app.js' ]
12 silly lifecycle Qiitachan@0.0.1~start: Returned: code: 1  signal: null
13 info lifecycle Qiitachan@0.0.1~start: Failed to exec start script
14 verbose stack Error: Qiitachan@0.0.1 start: `token=xoxb-49402285479-iVx9GUUsl4N477HCLholsGjD node app.js`
14 verbose stack Exit status 1
14 verbose stack     at EventEmitter.<anonymous> (/Users/omoteura/.nvm/versions/node/v6.0.0/lib/node_modules/npm/lib/utils/lifecycle.js:239:16)
14 verbose stack     at emitTwo (events.js:106:13)
14 verbose stack     at EventEmitter.emit (events.js:191:7)
14 verbose stack     at ChildProcess.<anonymous> (/Users/omoteura/.nvm/versions/node/v6.0.0/lib/node_modules/npm/lib/utils/spawn.js:24:14)
14 verbose stack     at emitTwo (events.js:106:13)
14 verbose stack     at ChildProcess.emit (events.js:191:7)
14 verbose stack     at maybeClose (internal/child_process.js:850:16)
14 verbose stack     at Process.ChildProcess._handle.onexit (internal/child_process.js:215:5)
15 verbose pkgid Qiitachan@0.0.1
16 verbose cwd /Users/omoteura/nodejs-docs-samples/appengine/hello-world
17 error Darwin 15.5.0
18 error argv "/Users/omoteura/.nvm/versions/node/v6.0.0/bin/node" "/Users/omoteura/.nvm/versions/node/v6.0.0/bin/npm" "start"
19 error node v6.0.0
20 error npm  v3.8.6
21 error code ELIFECYCLE
22 error Qiitachan@0.0.1 start: `token=xoxb-49402285479-iVx9GUUsl4N477HCLholsGjD node app.js`
22 error Exit status 1
23 error Failed at the Qiitachan@0.0.1 start script 'token=xoxb-49402285479-iVx9GUUsl4N477HCLholsGjD node app.js'.
23 error Make sure you have the latest version of node.js and npm installed.
23 error If you do, this is most likely a problem with the Qiitachan package,
23 error not with npm itself.
23 error Tell the author that this fails on your system:
23 error     token=xoxb-49402285479-iVx9GUUsl4N477HCLholsGjD node app.js
23 error You can get information on how to open an issue for this project with:
23 error     npm bugs Qiitachan
23 error Or if that isn't available, you can get their info via:
23 error     npm owner ls Qiitachan
23 error There is likely additional logging output above.
24 verbose exit [ 1, true ]
